2018-09-27 20:04:51,548 INFO o.a.j.u.JMeterUtils: Setting Locale to en_EN
2018-09-27 20:04:51,570 INFO o.a.j.JMeter: Loading user properties from: /home/netstorm/apache-jmeter-4.0/bin/user.properties
2018-09-27 20:04:51,571 INFO o.a.j.JMeter: Loading system properties from: /home/netstorm/apache-jmeter-4.0/bin/system.properties
2018-09-27 20:04:51,580 INFO o.a.j.JMeter: Copyright (c) 1998-2018 The Apache Software Foundation
2018-09-27 20:04:51,581 INFO o.a.j.JMeter: Version 4.0 r1823414
2018-09-27 20:04:51,581 INFO o.a.j.JMeter: java.version=1.8.0_121
2018-09-27 20:04:51,581 INFO o.a.j.JMeter: java.vm.name=Java HotSpot(TM) 64-Bit Server VM
2018-09-27 20:04:51,581 INFO o.a.j.JMeter: os.name=Linux
2018-09-27 20:04:51,581 INFO o.a.j.JMeter: os.arch=amd64
2018-09-27 20:04:51,581 INFO o.a.j.JMeter: os.version=4.4.0-78-cavisson
2018-09-27 20:04:51,581 INFO o.a.j.JMeter: file.encoding=UTF-8
2018-09-27 20:04:51,581 INFO o.a.j.JMeter: Max memory     =1073741824
2018-09-27 20:04:51,582 INFO o.a.j.JMeter: Available Processors =4
2018-09-27 20:04:51,587 INFO o.a.j.JMeter: Default Locale=English (EN)
2018-09-27 20:04:51,587 INFO o.a.j.JMeter: JMeter  Locale=English (EN)
2018-09-27 20:04:51,587 INFO o.a.j.JMeter: JMeterHome=/home/netstorm/apache-jmeter-4.0
2018-09-27 20:04:51,588 INFO o.a.j.JMeter: user.dir  =/home/netstorm/biswajit/chromeant
2018-09-27 20:04:51,588 INFO o.a.j.JMeter: PWD       =/home/netstorm/biswajit/chromeant
2018-09-27 20:04:51,588 INFO o.a.j.JMeter: IP: 127.0.0.1 Name: netstorm-TECRA-C50-C FullName: localhost
2018-09-27 20:04:51,829 INFO o.a.j.g.a.LookAndFeelCommand: Installing Darcula LAF
2018-09-27 20:04:51,910 INFO o.a.j.g.a.LookAndFeelCommand: Using look and feel: com.bulenkov.darcula.DarculaLaf [Darcula]
2018-09-27 20:04:51,910 INFO o.a.j.JMeter: Setting LAF to: com.bulenkov.darcula.DarculaLaf
2018-09-27 20:04:52,017 INFO o.a.j.JMeter: Loaded icon properties from org/apache/jmeter/images/icon.properties
2018-09-27 20:04:52,931 INFO o.a.j.e.u.CompoundVariable: Note: Function class names must contain the string: '.functions.'
2018-09-27 20:04:52,931 INFO o.a.j.e.u.CompoundVariable: Note: Function class names must not contain the string: '.gui.'
2018-09-27 20:04:54,838 INFO o.j.r.JARSourceHTTP: Found cached repo
2018-09-27 20:04:55,174 INFO o.j.r.PluginManager: Plugins Status: [jpgc-plugins-manager=1.3, jpgc-xmpp=1.5.1, jmeter-core=4.0, jmeter-ftp=4.0, jmeter-http=4.0, jmeter-jdbc=4.0, jmeter-jms=4.0, jmeter-junit=4.0, jmeter-java=4.0, jmeter-ldap=4.0, jmeter-mail=4.0, jmeter-mongodb=4.0, jmeter-native=4.0, jmeter-tcp=4.0, jmeter-components=4.0]
2018-09-27 20:04:56,607 INFO o.a.j.p.h.s.HTTPSamplerBase: Parser for text/html is org.apache.jmeter.protocol.http.parser.LagartoBasedHtmlParser
2018-09-27 20:04:56,608 INFO o.a.j.p.h.s.HTTPSamplerBase: Parser for application/xhtml+xml is org.apache.jmeter.protocol.http.parser.LagartoBasedHtmlParser
2018-09-27 20:04:56,608 INFO o.a.j.p.h.s.HTTPSamplerBase: Parser for application/xml is org.apache.jmeter.protocol.http.parser.LagartoBasedHtmlParser
2018-09-27 20:04:56,608 INFO o.a.j.p.h.s.HTTPSamplerBase: Parser for text/xml is org.apache.jmeter.protocol.http.parser.LagartoBasedHtmlParser
2018-09-27 20:04:56,608 INFO o.a.j.p.h.s.HTTPSamplerBase: Parser for text/vnd.wap.wml is org.apache.jmeter.protocol.http.parser.RegexpHTMLParser
2018-09-27 20:04:56,608 INFO o.a.j.p.h.s.HTTPSamplerBase: Parser for text/css is org.apache.jmeter.protocol.http.parser.CssParser
2018-09-27 20:04:57,036 INFO o.a.j.e.KeyToolUtils: keytool found at 'keytool'
2018-09-27 20:04:57,037 INFO o.a.j.p.h.p.ProxyControl: HTTP(S) Test Script Recorder SSL Proxy will use keys that support embedded 3rd party resources in file /home/netstorm/apache-jmeter-4.0/bin/proxyserver.jks
2018-09-27 20:04:57,264 INFO o.a.j.s.FileServer: Default base='/home/netstorm/biswajit/chromeant'
2018-09-27 20:04:57,868 INFO o.a.j.s.SampleResult: Note: Sample TimeStamps are START times
2018-09-27 20:04:57,869 INFO o.a.j.s.SampleResult: sampleresult.default.encoding is set to ISO-8859-1
2018-09-27 20:04:57,869 INFO o.a.j.s.SampleResult: sampleresult.useNanoTime=true
2018-09-27 20:04:57,869 INFO o.a.j.s.SampleResult: sampleresult.nanoThreadSleep=5000
2018-09-27 20:05:14,458 INFO o.a.j.g.a.Load: Loading file: /home/netstorm/abc/Login.jmx
2018-09-27 20:05:14,458 INFO o.a.j.s.FileServer: Set new base='/home/netstorm/abc'
2018-09-27 20:05:14,678 INFO o.a.j.s.SaveService: Testplan (JMX) version: 2.2. Testlog (JTL) version: 2.2
2018-09-27 20:05:14,686 INFO o.a.j.s.SaveService: Using SaveService properties file encoding UTF-8
2018-09-27 20:05:14,689 INFO o.a.j.s.SaveService: Using SaveService properties version 4.0
2018-09-27 20:05:14,694 INFO o.a.j.s.SaveService: Loading file: /home/netstorm/abc/Login.jmx
2018-09-27 20:05:15,969 INFO o.a.j.s.FileServer: Set new base='/home/netstorm/abc'
