[1537020788.200][INFO]: COMMAND InitSession {
   "capabilities": {
      "desiredCapabilities": {
         "acceptInsecureCerts": true,
         "browserName": "chrome",
         "goog:chromeOptions": {
            "args": [ "window-size=1368x720", "--start-maximized", "--disable-notifications", "disable-geolocation", "ignore-certificate-errors" ],
            "binary": "/opt/google/chrome/google-chrome",
            "extensions": [  ]
         },
         "platform": "ANY",
         "version": ""
      },
      "firstMatch": [ {
         "acceptInsecureCerts": true,
         "browserName": "chrome",
         "goog:chromeOptions": {
            "args": [ "window-size=1368x720", "--start-maximized", "--disable-notifications", "disable-geolocation", "ignore-certificate-errors" ],
            "binary": "/opt/google/chrome/google-chrome",
            "extensions": [  ]
         }
      } ]
   },
   "desiredCapabilities": {
      "acceptInsecureCerts": true,
      "browserName": "chrome",
      "goog:chromeOptions": {
         "args": [ "window-size=1368x720", "--start-maximized", "--disable-notifications", "disable-geolocation", "ignore-certificate-errors" ],
         "binary": "/opt/google/chrome/google-chrome",
         "extensions": [  ]
      },
      "platform": "ANY",
      "version": ""
   }
}
[1537020788.201][INFO]: Populating Preferences file: {
   "alternate_error_pages": {
      "enabled": false
   },
   "autofill": {
      "enabled": false
   },
   "browser": {
      "check_default_browser": false
   },
   "distribution": {
      "import_bookmarks": false,
      "import_history": false,
      "import_search_engine": false,
      "make_chrome_default_for_user": false,
      "skip_first_run_ui": true
   },
   "dns_prefetching": {
      "enabled": false
   },
   "profile": {
      "content_settings": {
         "pattern_pairs": {
            "https://*,*": {
               "media-stream": {
                  "audio": "Default",
                  "video": "Default"
               }
            }
         }
      },
      "default_content_setting_values": {
         "geolocation": 1
      },
      "default_content_settings": {
         "geolocation": 1,
         "mouselock": 1,
         "notifications": 1,
         "popups": 1,
         "ppapi-broker": 1
      },
      "password_manager_enabled": false
   },
   "safebrowsing": {
      "enabled": false
   },
   "search": {
      "suggest_enabled": false
   },
   "translate": {
      "enabled": false
   }
}
[1537020788.201][INFO]: Populating Local State file: {
   "background_mode": {
      "enabled": false
   },
   "ssl": {
      "rev_checking": {
         "enabled": false
      }
   }
}
[1537020788.201][INFO]: Launching chrome: /opt/google/chrome/google-chrome --disable-background-networking --disable-client-side-phishing-detection --disable-default-apps --disable-geolocation --disable-hang-monitor --disable-notifications --disable-popup-blocking --disable-prompt-on-repost --disable-sync --disable-web-resources --enable-automation --enable-logging --force-fieldtrials=SiteIsolationExtensions/Control --ignore-certificate-errors --load-extension=/tmp/.org.chromium.Chromium.wk5Xta/internal --log-level=0 --metrics-recording-only --no-first-run --password-store=basic --remote-debugging-port=12357 --start-maximized --test-type=webdriver --use-mock-keychain --user-data-dir=/tmp/.org.chromium.Chromium.1mT57M --window-size=1368x720 data:,
[1537020788.708][INFO]: resolved localhost to ["127.0.0.1"]
[1537020788.766][INFO]: resolved localhost to ["127.0.0.1"]
[1537020788.788][INFO]: RESPONSE InitSession {
   "acceptInsecureCerts": true,
   "acceptSslCerts": true,
   "applicationCacheEnabled": false,
   "browserConnectionEnabled": false,
   "browserName": "chrome",
   "chrome": {
      "chromedriverVersion": "2.38.552522 (437e6fbedfa8762dec75e2c5b3ddb86763dc9dcb)",
      "userDataDir": "/tmp/.org.chromium.Chromium.1mT57M"
   },
   "cssSelectorsEnabled": true,
   "databaseEnabled": false,
   "handlesAlerts": true,
   "hasTouchScreen": false,
   "javascriptEnabled": true,
   "locationContextEnabled": true,
   "mobileEmulationEnabled": false,
   "nativeEvents": true,
   "networkConnectionEnabled": false,
   "pageLoadStrategy": "normal",
   "platform": "Linux",
   "rotatable": false,
   "setWindowRect": true,
   "~~~": "..."
}
[1537020788.994][INFO]: COMMAND ExecuteScript {
   "args": [  ],
   "script": "return document.readyState"
}
[1537020788.994][INFO]: Waiting for pending navigations...
[1537020789.008][INFO]: Done waiting for pending navigations. Status: ok
[1537020789.021][INFO]: Waiting for pending navigations...
[1537020789.025][INFO]: Done waiting for pending navigations. Status: ok
[1537020789.025][INFO]: RESPONSE ExecuteScript "complete"
[1537020789.031][INFO]: COMMAND Navigate {
   "url": "https://10.10.30.97/"
}
[1537020789.031][INFO]: Waiting for pending navigations...
[1537020789.032][INFO]: Done waiting for pending navigations. Status: ok
[1537020842.782][INFO]: Waiting for pending navigations...
